1716632963.817074 client started (268): version 3.3a, socket /tmp/tmux-1000/default, protocol 8
1716632963.817116 on Linux 5.15.133.1-microsoft-standard-WSL2 #1 SMP Thu Oct 5 21:02:42 UTC 2023
1716632963.817122 using libevent 2.1.12-stable (poll); ncurses 6.3
1716632963.817140 flags are 0x10010000
1716632963.817145 socket is /tmp/tmux-1000/default
1716632963.817157 trying connect
1716632963.817276 add peer 0x55a9d2df4680: 6 ((nil))
1716632963.817661 sending message 100 to peer 0x55a9d2df4680 (4 bytes)
1716632963.817678 sending message 111 to peer 0x55a9d2df4680 (8 bytes)
1716632963.817684 sending message 101 to peer 0x55a9d2df4680 (14 bytes)
1716632963.817688 sending message 109 to peer 0x55a9d2df4680 (4 bytes)
1716632963.817693 sending message 102 to peer 0x55a9d2df4680 (11 bytes)
1716632963.817697 sending message 108 to peer 0x55a9d2df4680 (27 bytes)
1716632963.817702 sending message 112 to peer 0x55a9d2df4680 (70 bytes)
1716632963.817707 sending message 112 to peer 0x55a9d2df4680 (5 bytes)
1716632963.817711 sending message 112 to peer 0x55a9d2df4680 (5 bytes)
1716632963.817716 sending message 112 to peer 0x55a9d2df4680 (6 bytes)
1716632963.817720 sending message 112 to peer 0x55a9d2df4680 (6 bytes)
1716632963.817724 sending message 112 to peer 0x55a9d2df4680 (11 bytes)
1716632963.817729 sending message 112 to peer 0x55a9d2df4680 (10 bytes)
1716632963.817733 sending message 112 to peer 0x55a9d2df4680 (13 bytes)
1716632963.817737 sending message 112 to peer 0x55a9d2df4680 (13 bytes)
1716632963.817742 sending message 112 to peer 0x55a9d2df4680 (18 bytes)
1716632963.817747 sending message 112 to peer 0x55a9d2df4680 (11 bytes)
1716632963.817751 sending message 112 to peer 0x55a9d2df4680 (10 bytes)
1716632963.817756 sending message 112 to peer 0x55a9d2df4680 (15 bytes)
1716632963.817760 sending message 112 to peer 0x55a9d2df4680 (21 bytes)
1716632963.817764 sending message 112 to peer 0x55a9d2df4680 (13 bytes)
1716632963.817769 sending message 112 to peer 0x55a9d2df4680 (7 bytes)
1716632963.817774 sending message 112 to peer 0x55a9d2df4680 (13 bytes)
1716632963.817778 sending message 112 to peer 0x55a9d2df4680 (7 bytes)
1716632963.817782 sending message 112 to peer 0x55a9d2df4680 (13 bytes)
1716632963.817787 sending message 112 to peer 0x55a9d2df4680 (9 bytes)
1716632963.817791 sending message 112 to peer 0x55a9d2df4680 (21 bytes)
1716632963.817795 sending message 112 to peer 0x55a9d2df4680 (13 bytes)
1716632963.817800 sending message 112 to peer 0x55a9d2df4680 (8 bytes)
1716632963.817804 sending message 112 to peer 0x55a9d2df4680 (12 bytes)
1716632963.817808 sending message 112 to peer 0x55a9d2df4680 (13 bytes)
1716632963.817812 sending message 112 to peer 0x55a9d2df4680 (9 bytes)
1716632963.817817 sending message 112 to peer 0x55a9d2df4680 (9 bytes)
1716632963.817821 sending message 112 to peer 0x55a9d2df4680 (12 bytes)
1716632963.817825 sending message 112 to peer 0x55a9d2df4680 (8 bytes)
1716632963.817829 sending message 112 to peer 0x55a9d2df4680 (8 bytes)
1716632963.817834 sending message 112 to peer 0x55a9d2df4680 (7 bytes)
1716632963.817838 sending message 112 to peer 0x55a9d2df4680 (7 bytes)
1716632963.817843 sending message 112 to peer 0x55a9d2df4680 (9 bytes)
1716632963.817847 sending message 112 to peer 0x55a9d2df4680 (13 bytes)
1716632963.817852 sending message 112 to peer 0x55a9d2df4680 (6 bytes)
1716632963.817856 sending message 112 to peer 0x55a9d2df4680 (9 bytes)
1716632963.817860 sending message 112 to peer 0x55a9d2df4680 (15 bytes)
1716632963.817865 sending message 112 to peer 0x55a9d2df4680 (13 bytes)
1716632963.817869 sending message 112 to peer 0x55a9d2df4680 (12 bytes)
1716632963.817873 sending message 112 to peer 0x55a9d2df4680 (8 bytes)
1716632963.817878 sending message 112 to peer 0x55a9d2df4680 (14 bytes)
1716632963.817882 sending message 112 to peer 0x55a9d2df4680 (11 bytes)
1716632963.817887 sending message 112 to peer 0x55a9d2df4680 (9 bytes)
1716632963.817891 sending message 112 to peer 0x55a9d2df4680 (10 bytes)
1716632963.817895 sending message 112 to peer 0x55a9d2df4680 (10 bytes)
1716632963.817900 sending message 112 to peer 0x55a9d2df4680 (10 bytes)
1716632963.817913 sending message 112 to peer 0x55a9d2df4680 (10 bytes)
1716632963.817918 sending message 112 to peer 0x55a9d2df4680 (11 bytes)
1716632963.817923 sending message 112 to peer 0x55a9d2df4680 (12 bytes)
1716632963.817927 sending message 112 to peer 0x55a9d2df4680 (12 bytes)
1716632963.817931 sending message 112 to peer 0x55a9d2df4680 (12 bytes)
1716632963.817935 sending message 112 to peer 0x55a9d2df4680 (12 bytes)
1716632963.817940 sending message 112 to peer 0x55a9d2df4680 (12 bytes)
1716632963.817944 sending message 112 to peer 0x55a9d2df4680 (11 bytes)
1716632963.817948 sending message 112 to peer 0x55a9d2df4680 (11 bytes)
1716632963.817953 sending message 112 to peer 0x55a9d2df4680 (12 bytes)
1716632963.817996 sending message 112 to peer 0x55a9d2df4680 (12 bytes)
1716632963.818004 sending message 112 to peer 0x55a9d2df4680 (12 bytes)
1716632963.818009 sending message 112 to peer 0x55a9d2df4680 (12 bytes)
1716632963.818014 sending message 112 to peer 0x55a9d2df4680 (12 bytes)
1716632963.818019 sending message 112 to peer 0x55a9d2df4680 (10 bytes)
1716632963.818023 sending message 112 to peer 0x55a9d2df4680 (12 bytes)
1716632963.818027 sending message 112 to peer 0x55a9d2df4680 (13 bytes)
1716632963.818032 sending message 112 to peer 0x55a9d2df4680 (13 bytes)
1716632963.818036 sending message 112 to peer 0x55a9d2df4680 (13 bytes)
1716632963.818041 sending message 112 to peer 0x55a9d2df4680 (13 bytes)
1716632963.818045 sending message 112 to peer 0x55a9d2df4680 (13 bytes)
1716632963.818049 sending message 112 to peer 0x55a9d2df4680 (8 bytes)
1716632963.818053 sending message 112 to peer 0x55a9d2df4680 (11 bytes)
1716632963.818058 sending message 112 to peer 0x55a9d2df4680 (11 bytes)
1716632963.818062 sending message 112 to peer 0x55a9d2df4680 (11 bytes)
1716632963.818066 sending message 112 to peer 0x55a9d2df4680 (12 bytes)
1716632963.818071 sending message 112 to peer 0x55a9d2df4680 (12 bytes)
1716632963.818075 sending message 112 to peer 0x55a9d2df4680 (12 bytes)
1716632963.818080 sending message 112 to peer 0x55a9d2df4680 (12 bytes)
1716632963.818084 sending message 112 to peer 0x55a9d2df4680 (13 bytes)
1716632963.818088 sending message 112 to peer 0x55a9d2df4680 (13 bytes)
1716632963.818092 sending message 112 to peer 0x55a9d2df4680 (13 bytes)
1716632963.818096 sending message 112 to peer 0x55a9d2df4680 (8 bytes)
1716632963.818101 sending message 112 to peer 0x55a9d2df4680 (13 bytes)
1716632963.818105 sending message 112 to peer 0x55a9d2df4680 (13 bytes)
1716632963.818109 sending message 112 to peer 0x55a9d2df4680 (13 bytes)
1716632963.818114 sending message 112 to peer 0x55a9d2df4680 (13 bytes)
1716632963.818118 sending message 112 to peer 0x55a9d2df4680 (13 bytes)
1716632963.818123 sending message 112 to peer 0x55a9d2df4680 (12 bytes)
1716632963.818127 sending message 112 to peer 0x55a9d2df4680 (12 bytes)
1716632963.818131 sending message 112 to peer 0x55a9d2df4680 (12 bytes)
1716632963.818136 sending message 112 to peer 0x55a9d2df4680 (12 bytes)
1716632963.818140 sending message 112 to peer 0x55a9d2df4680 (13 bytes)
1716632963.818145 sending message 112 to peer 0x55a9d2df4680 (8 bytes)
1716632963.818149 sending message 112 to peer 0x55a9d2df4680 (13 bytes)
1716632963.818153 sending message 112 to peer 0x55a9d2df4680 (13 bytes)
1716632963.818157 sending message 112 to peer 0x55a9d2df4680 (13 bytes)
1716632963.818162 sending message 112 to peer 0x55a9d2df4680 (13 bytes)
1716632963.818166 sending message 112 to peer 0x55a9d2df4680 (13 bytes)
1716632963.818170 sending message 112 to peer 0x55a9d2df4680 (13 bytes)
1716632963.818175 sending message 112 to peer 0x55a9d2df4680 (13 bytes)
1716632963.818179 sending message 112 to peer 0x55a9d2df4680 (12 bytes)
1716632963.818184 sending message 112 to peer 0x55a9d2df4680 (12 bytes)
1716632963.818188 sending message 112 to peer 0x55a9d2df4680 (12 bytes)
1716632963.818192 sending message 112 to peer 0x55a9d2df4680 (8 bytes)
1716632963.818196 sending message 112 to peer 0x55a9d2df4680 (12 bytes)
1716632963.818200 sending message 112 to peer 0x55a9d2df4680 (13 bytes)
1716632963.818213 sending message 112 to peer 0x55a9d2df4680 (13 bytes)
1716632963.818218 sending message 112 to peer 0x55a9d2df4680 (13 bytes)
1716632963.818223 sending message 112 to peer 0x55a9d2df4680 (13 bytes)
1716632963.818227 sending message 112 to peer 0x55a9d2df4680 (13 bytes)
1716632963.818231 sending message 112 to peer 0x55a9d2df4680 (13 bytes)
1716632963.818235 sending message 112 to peer 0x55a9d2df4680 (13 bytes)
1716632963.818240 sending message 112 to peer 0x55a9d2df4680 (13 bytes)
1716632963.818244 sending message 112 to peer 0x55a9d2df4680 (12 bytes)
1716632963.818248 sending message 112 to peer 0x55a9d2df4680 (10 bytes)
1716632963.818253 sending message 112 to peer 0x55a9d2df4680 (12 bytes)
1716632963.818257 sending message 112 to peer 0x55a9d2df4680 (12 bytes)
1716632963.818262 sending message 112 to peer 0x55a9d2df4680 (12 bytes)
1716632963.818266 sending message 112 to peer 0x55a9d2df4680 (13 bytes)
1716632963.818270 sending message 112 to peer 0x55a9d2df4680 (13 bytes)
1716632963.818274 sending message 112 to peer 0x55a9d2df4680 (13 bytes)
1716632963.818279 sending message 112 to peer 0x55a9d2df4680 (13 bytes)
1716632963.818283 sending message 112 to peer 0x55a9d2df4680 (13 bytes)
1716632963.818288 sending message 112 to peer 0x55a9d2df4680 (13 bytes)
1716632963.818292 sending message 112 to peer 0x55a9d2df4680 (13 bytes)
1716632963.818297 sending message 112 to peer 0x55a9d2df4680 (10 bytes)
1716632963.818301 sending message 112 to peer 0x55a9d2df4680 (13 bytes)
1716632963.818305 sending message 112 to peer 0x55a9d2df4680 (12 bytes)
1716632963.818309 sending message 112 to peer 0x55a9d2df4680 (12 bytes)
1716632963.818314 sending message 112 to peer 0x55a9d2df4680 (12 bytes)
1716632963.818318 sending message 112 to peer 0x55a9d2df4680 (10 bytes)
1716632963.818323 sending message 112 to peer 0x55a9d2df4680 (10 bytes)
1716632963.818327 sending message 112 to peer 0x55a9d2df4680 (10 bytes)
1716632963.818332 sending message 112 to peer 0x55a9d2df4680 (12 bytes)
1716632963.818336 sending message 112 to peer 0x55a9d2df4680 (13 bytes)
1716632963.818340 sending message 112 to peer 0x55a9d2df4680 (13 bytes)
1716632963.818344 sending message 112 to peer 0x55a9d2df4680 (13 bytes)
1716632963.818348 sending message 112 to peer 0x55a9d2df4680 (13 bytes)
1716632963.818353 sending message 112 to peer 0x55a9d2df4680 (13 bytes)
1716632963.818357 sending message 112 to peer 0x55a9d2df4680 (11 bytes)
1716632963.818362 sending message 112 to peer 0x55a9d2df4680 (11 bytes)
1716632963.818366 sending message 112 to peer 0x55a9d2df4680 (12 bytes)
1716632963.818370 sending message 112 to peer 0x55a9d2df4680 (12 bytes)
1716632963.818375 sending message 112 to peer 0x55a9d2df4680 (12 bytes)
1716632963.818379 sending message 112 to peer 0x55a9d2df4680 (12 bytes)
1716632963.818384 sending message 112 to peer 0x55a9d2df4680 (12 bytes)
1716632963.818389 sending message 112 to peer 0x55a9d2df4680 (11 bytes)
1716632963.818393 sending message 112 to peer 0x55a9d2df4680 (12 bytes)
1716632963.818398 sending message 112 to peer 0x55a9d2df4680 (12 bytes)
1716632963.818402 sending message 112 to peer 0x55a9d2df4680 (13 bytes)
1716632963.818406 sending message 112 to peer 0x55a9d2df4680 (13 bytes)
1716632963.818410 sending message 112 to peer 0x55a9d2df4680 (13 bytes)
1716632963.818414 sending message 112 to peer 0x55a9d2df4680 (13 bytes)
1716632963.818419 sending message 112 to peer 0x55a9d2df4680 (13 bytes)
1716632963.818423 sending message 112 to peer 0x55a9d2df4680 (10 bytes)
1716632963.818428 sending message 112 to peer 0x55a9d2df4680 (9 bytes)
1716632963.818432 sending message 112 to peer 0x55a9d2df4680 (12 bytes)
1716632963.818436 sending message 112 to peer 0x55a9d2df4680 (13 bytes)
1716632963.818441 sending message 112 to peer 0x55a9d2df4680 (13 bytes)
1716632963.818445 sending message 112 to peer 0x55a9d2df4680 (13 bytes)
1716632963.818449 sending message 112 to peer 0x55a9d2df4680 (13 bytes)
1716632963.818453 sending message 112 to peer 0x55a9d2df4680 (13 bytes)
1716632963.818463 sending message 112 to peer 0x55a9d2df4680 (9 bytes)
1716632963.818467 sending message 112 to peer 0x55a9d2df4680 (12 bytes)
1716632963.818472 sending message 112 to peer 0x55a9d2df4680 (13 bytes)
1716632963.818476 sending message 112 to peer 0x55a9d2df4680 (13 bytes)
1716632963.818480 sending message 112 to peer 0x55a9d2df4680 (13 bytes)
1716632963.818485 sending message 112 to peer 0x55a9d2df4680 (13 bytes)
1716632963.818489 sending message 112 to peer 0x55a9d2df4680 (13 bytes)
1716632963.818493 sending message 112 to peer 0x55a9d2df4680 (11 bytes)
1716632963.818497 sending message 112 to peer 0x55a9d2df4680 (12 bytes)
1716632963.818502 sending message 112 to peer 0x55a9d2df4680 (13 bytes)
1716632963.818506 sending message 112 to peer 0x55a9d2df4680 (13 bytes)
1716632963.818510 sending message 112 to peer 0x55a9d2df4680 (13 bytes)
1716632963.818514 sending message 112 to peer 0x55a9d2df4680 (13 bytes)
1716632963.818518 sending message 112 to peer 0x55a9d2df4680 (13 bytes)
1716632963.818523 sending message 112 to peer 0x55a9d2df4680 (11 bytes)
1716632963.818527 sending message 112 to peer 0x55a9d2df4680 (12 bytes)
1716632963.818531 sending message 112 to peer 0x55a9d2df4680 (12 bytes)
1716632963.818536 sending message 112 to peer 0x55a9d2df4680 (12 bytes)
1716632963.818540 sending message 112 to peer 0x55a9d2df4680 (12 bytes)
1716632963.818545 sending message 112 to peer 0x55a9d2df4680 (12 bytes)
1716632963.818549 sending message 112 to peer 0x55a9d2df4680 (21 bytes)
1716632963.818553 sending message 112 to peer 0x55a9d2df4680 (12 bytes)
1716632963.818558 sending message 112 to peer 0x55a9d2df4680 (9 bytes)
1716632963.818562 sending message 112 to peer 0x55a9d2df4680 (6 bytes)
1716632963.818567 sending message 112 to peer 0x55a9d2df4680 (13 bytes)
1716632963.818572 sending message 112 to peer 0x55a9d2df4680 (8 bytes)
1716632963.818576 sending message 112 to peer 0x55a9d2df4680 (15 bytes)
1716632963.818584 sending message 112 to peer 0x55a9d2df4680 (13 bytes)
1716632963.818589 sending message 112 to peer 0x55a9d2df4680 (9 bytes)
1716632963.818593 sending message 112 to peer 0x55a9d2df4680 (70 bytes)
1716632963.818597 sending message 112 to peer 0x55a9d2df4680 (69 bytes)
1716632963.818602 sending message 112 to peer 0x55a9d2df4680 (10 bytes)
1716632963.818606 sending message 112 to peer 0x55a9d2df4680 (10 bytes)
1716632963.818611 sending message 112 to peer 0x55a9d2df4680 (8 bytes)
1716632963.818615 sending message 112 to peer 0x55a9d2df4680 (15 bytes)
1716632963.818619 sending message 112 to peer 0x55a9d2df4680 (13 bytes)
1716632963.818623 sending message 112 to peer 0x55a9d2df4680 (10 bytes)
1716632963.818627 sending message 112 to peer 0x55a9d2df4680 (10 bytes)
1716632963.818631 sending message 112 to peer 0x55a9d2df4680 (17 bytes)
1716632963.818636 sending message 112 to peer 0x55a9d2df4680 (10 bytes)
1716632963.818640 sending message 112 to peer 0x55a9d2df4680 (13 bytes)
1716632963.818644 sending message 112 to peer 0x55a9d2df4680 (9 bytes)
1716632963.818648 sending message 112 to peer 0x55a9d2df4680 (5 bytes)
1716632963.818656 sending message 112 to peer 0x55a9d2df4680 (15 bytes)
1716632963.818661 sending message 104 to peer 0x55a9d2df4680 (0 bytes)
1716632963.818666 sending message 110 to peer 0x55a9d2df4680 (0 bytes)
1716632963.818671 sending message 107 to peer 0x55a9d2df4680 (4 bytes)
1716632963.818676 sending message 105 to peer 0x55a9d2df4680 (16 bytes)
1716632963.818680 sending message 105 to peer 0x55a9d2df4680 (24 bytes)
1716632963.818684 sending message 105 to peer 0x55a9d2df4680 (26 bytes)
1716632963.818688 sending message 105 to peer 0x55a9d2df4680 (23 bytes)
1716632963.818693 sending message 105 to peer 0x55a9d2df4680 (34 bytes)
1716632963.818697 sending message 105 to peer 0x55a9d2df4680 (48 bytes)
1716632963.818702 sending message 105 to peer 0x55a9d2df4680 (59 bytes)
1716632963.818706 sending message 105 to peer 0x55a9d2df4680 (20 bytes)
1716632963.818710 sending message 105 to peer 0x55a9d2df4680 (31 bytes)
1716632963.818714 sending message 105 to peer 0x55a9d2df4680 (14 bytes)
1716632963.818718 sending message 105 to peer 0x55a9d2df4680 (17 bytes)
1716632963.818726 sending message 105 to peer 0x55a9d2df4680 (17 bytes)
1716632963.818733 sending message 105 to peer 0x55a9d2df4680 (32 bytes)
1716632963.818738 sending message 105 to peer 0x55a9d2df4680 (1764 bytes)
1716632963.818765 sending message 105 to peer 0x55a9d2df4680 (26 bytes)
1716632963.818771 sending message 105 to peer 0x55a9d2df4680 (19 bytes)
1716632963.818776 sending message 105 to peer 0x55a9d2df4680 (11 bytes)
1716632963.818780 sending message 105 to peer 0x55a9d2df4680 (13 bytes)
1716632963.818784 sending message 105 to peer 0x55a9d2df4680 (11 bytes)
1716632963.818789 sending message 105 to peer 0x55a9d2df4680 (8 bytes)
1716632963.818793 sending message 105 to peer 0x55a9d2df4680 (38 bytes)
1716632963.818798 sending message 105 to peer 0x55a9d2df4680 (33 bytes)
1716632963.818803 sending message 105 to peer 0x55a9d2df4680 (1663 bytes)
1716632963.818809 sending message 105 to peer 0x55a9d2df4680 (16 bytes)
1716632963.818813 sending message 105 to peer 0x55a9d2df4680 (40 bytes)
1716632963.818817 sending message 105 to peer 0x55a9d2df4680 (53 bytes)
1716632963.818822 sending message 105 to peer 0x55a9d2df4680 (29 bytes)
1716632963.818827 sending message 105 to peer 0x55a9d2df4680 (18 bytes)
1716632963.818831 sending message 105 to peer 0x55a9d2df4680 (16 bytes)
1716632963.818836 sending message 106 to peer 0x55a9d2df4680 (0 bytes)
1716632963.818953 sending message 200 to peer 0x55a9d2df4680 (4 bytes)
1716632963.818968 client loop enter
1716632963.819746 peer 0x55a9d2df4680 message 303
1716632963.819760 open write file 2 -
1716632963.819773 sending message 305 to peer 0x55a9d2df4680 (8 bytes)
1716632963.819786 write check file 2
1716632963.820143 peer 0x55a9d2df4680 message 304
1716632963.820158 write 58 to file 2
1716632963.820165 peer 0x55a9d2df4680 message 203
1716632963.820171 file 2 58 bytes left
1716632963.820240 write check file 2
1716632963.820253 client loop exit
